15:44:54 127.0.0.1: backlinks: all backlinks to: portail
Array
(
    [0] => accessibilite
    [1] => accueil
    [2] => agriculture
    [3] => animation
    [4] => anonymat
    [5] => antivirus
    [6] => application_domestique
    [7] => applications_chinois
    [8] => applications_par_defaut_sous_kubuntu
    [9] => applications_par_defaut_sous_ubuntu
    [10] => applications_par_defaut_sous_xubuntu
    [11] => architecture
    [12] => archivage
    [13] => arw
    [14] => astronomie
    [15] => asus_eee_pc
    [16] => audio
    [17] => baladeur
    [18] => blu-ray
    [19] => bourse
    [20] => bureau_a_distance
    [21] => bureautique
    [22] => calcul_collaboratif
    [23] => calcul_numerique
    [24] => cao
    [25] => capture
    [26] => capture_d_ecran
    [27] => cartographie
    [28] => categories
    [29] => clavier
    [30] => cloud
    [31] => cms
    [32] => collectivite
    [33] => communaute
    [34] => compilation
    [35] => comptabilite
    [36] => conception_electronique
    [37] => console
    [38] => courriel
    [39] => crm
    [40] => dactylographie
    [41] => debutant
    [42] => diagramme
    [43] => diaporama
    [44] => disques
    [45] => djvu
    [46] => documentation_hors_ligne
    [47] => doom
    [48] => droits
    [49] => dvd
    [50] => ebook
    [51] => ecommerce
    [52] => ecran
    [53] => editeur_de_texte
    [54] => education
    [55] => entreprise
    [56] => environnements
    [57] => epub
    [58] => erp
    [59] => espace
    [60] => fenetre_de_connexion
    [61] => flash
    [62] => fond_d_ecran
    [63] => ftp
    [64] => ged
    [65] => genealogie
    [66] => gestionnaire_de_fenetres
    [67] => gestionnaire_de_fichiers
    [68] => gestionnaire_de_paquets
    [69] => gestionnaire_de_telechargements
    [70] => gps
    [71] => graphisme
    [72] => guitare
    [73] => impression_sous_ubuntu
    [74] => imprimante
    [75] => index_alphabetique
    [76] => industrie
    [77] => installation
    [78] => installation_logiciel
    [79] => installation_paquet_hors_ligne
    [80] => intelligence_artificielle
    [81] => internet
    [82] => internet_et_reseaux
    [83] => jeu
    [84] => jorani
    [85] => lecteur_audio
    [86] => live_usb
    [87] => logiciels
    [88] => logiciels_d_apprentissage_de_langues
    [89] => logiciels_educatifs_pour_les_enfants
    [90] => logiciels_enseignement
    [91] => logiciels_pour_le_lycee
    [92] => mac
    [93] => mao
    [94] => materiel
    [95] => materiel_libre
    [96] => mathematiques
    [97] => mecanique
    [98] => messagerie_instantanee
    [99] => migration
    [100] => mingetty
    [101] => modelisation_3d
    [102] => montage_video
    [103] => multimedia
    [104] => navigateur
    [105] => nds
    [106] => netbook
    [107] => ocr
    [108] => optimisation
    [109] => p2p
    [110] => panorama
    [111] => partage
    [112] => partitions
    [113] => pdf
    [114] => personnalisation
    [115] => photo
    [116] => police
    [117] => portable
    [118] => presse-papier
    [119] => programmation
    [120] => projets:procedure_installation_ubuntu_entreprise
    [121] => radio
    [122] => realtek
    [123] => recherche_de_fichiers
    [124] => reconnaissance_vocale
    [125] => reflexe_ubunteros
    [126] => reseau
    [127] => reseau_social
    [128] => ressources_humaines
    [129] => robotique
    [130] => sante
    [131] => sauvegarde
    [132] => scanner
    [133] => sciences
    [134] => securite
    [135] => serveur
    [136] => serveurs_messagerie
    [137] => sfr
    [138] => souris
    [139] => sous-titrage
    [140] => stereoscopie
    [141] => streaming
    [142] => supervision
    [143] => synthese_vocale
    [144] => systeme
    [145] => telecharger_streaming
    [146] => telecommande
    [147] => television
    [148] => thesaurus
    [149] => traduction
    [150] => trafic
    [151] => tutoriel:comment_obtenir_une_reponse_satisfaisante
    [152] => tutoriel:utilisation_avancee_du_clavier
    [153] => ubuntu_64bits
    [154] => ubuntu_arm
    [155] => ubuntu_mips
    [156] => utilisateurs:alexandrep:migration
    [157] => utilisateurs:darkjam:audio
    [158] => utilisateurs:darkjam:son
    [159] => utilisateurs:julientroploin:brouillon_ocr
    [160] => utilisateurs:marc31
    [161] => utilisateurs:psychederic:art
    [162] => utilisateurs:psychederic:bi
    [163] => utilisateurs:psychederic:calcul_collaboratif
    [164] => utilisateurs:psychederic:marketing
    [165] => utilisateurs:psychederic:moteur_de_recherche
    [166] => utilisateurs:psychederic:production_energie
    [167] => utilisateurs:rmy:recuperer
    [168] => utilisateurs:yannubuntu
    [169] => variantes
    [170] => versions
    [171] => video
    [172] => videoprojecteur
    [173] => videosurveillance
    [174] => virtualisation
    [175] => visioconference
    [176] => visionneuse
    [177] => vjing
    [178] => voip
    [179] => webcam
    [180] => webmail
    [181] => wifi
    [182] => wiki
    [183] => wiki:modeles:portail
    [184] => wiki:tags
    [185] => windows
)

15:44:54 127.0.0.1: backlinks: all backlinks to be rendered
Array
(
    [0] => accessibilite
    [1] => accueil
    [2] => agriculture
    [3] => animation
    [4] => anonymat
    [5] => antivirus
    [6] => application_domestique
    [7] => applications_chinois
    [8] => applications_par_defaut_sous_kubuntu
    [9] => applications_par_defaut_sous_ubuntu
    [10] => applications_par_defaut_sous_xubuntu
    [11] => architecture
    [12] => archivage
    [13] => arw
    [14] => astronomie
    [15] => asus_eee_pc
    [16] => audio
    [17] => baladeur
    [18] => blu-ray
    [19] => bourse
    [20] => bureau_a_distance
    [21] => bureautique
    [22] => calcul_collaboratif
    [23] => calcul_numerique
    [24] => cao
    [25] => capture
    [26] => capture_d_ecran
    [27] => cartographie
    [28] => categories
    [29] => clavier
    [30] => cloud
    [31] => cms
    [32] => collectivite
    [33] => communaute
    [34] => compilation
    [35] => comptabilite
    [36] => conception_electronique
    [37] => console
    [38] => courriel
    [39] => crm
    [40] => dactylographie
    [41] => debutant
    [42] => diagramme
    [43] => diaporama
    [44] => disques
    [45] => djvu
    [46] => documentation_hors_ligne
    [47] => doom
    [48] => droits
    [49] => dvd
    [50] => ebook
    [51] => ecommerce
    [52] => ecran
    [53] => editeur_de_texte
    [54] => education
    [55] => entreprise
    [56] => environnements
    [57] => epub
    [58] => erp
    [59] => espace
    [60] => fenetre_de_connexion
    [61] => flash
    [62] => fond_d_ecran
    [63] => ftp
    [64] => ged
    [65] => genealogie
    [66] => gestionnaire_de_fenetres
    [67] => gestionnaire_de_fichiers
    [68] => gestionnaire_de_paquets
    [69] => gestionnaire_de_telechargements
    [70] => gps
    [71] => graphisme
    [72] => guitare
    [73] => impression_sous_ubuntu
    [74] => imprimante
    [75] => index_alphabetique
    [76] => industrie
    [77] => installation
    [78] => installation_logiciel
    [79] => installation_paquet_hors_ligne
    [80] => intelligence_artificielle
    [81] => internet
    [82] => internet_et_reseaux
    [83] => jeu
    [84] => jorani
    [85] => lecteur_audio
    [86] => live_usb
    [87] => logiciels
    [88] => logiciels_d_apprentissage_de_langues
    [89] => logiciels_educatifs_pour_les_enfants
    [90] => logiciels_enseignement
    [91] => logiciels_pour_le_lycee
    [92] => mac
    [93] => mao
    [94] => materiel
    [95] => materiel_libre
    [96] => mathematiques
    [97] => mecanique
    [98] => messagerie_instantanee
    [99] => migration
    [100] => mingetty
    [101] => modelisation_3d
    [102] => montage_video
    [103] => multimedia
    [104] => navigateur
    [105] => nds
    [106] => netbook
    [107] => ocr
    [108] => optimisation
    [109] => p2p
    [110] => panorama
    [111] => partage
    [112] => partitions
    [113] => pdf
    [114] => personnalisation
    [115] => photo
    [116] => police
    [117] => portable
    [118] => presse-papier
    [119] => programmation
    [120] => projets:procedure_installation_ubuntu_entreprise
    [121] => radio
    [122] => realtek
    [123] => recherche_de_fichiers
    [124] => reconnaissance_vocale
    [125] => reflexe_ubunteros
    [126] => reseau
    [127] => reseau_social
    [128] => ressources_humaines
    [129] => robotique
    [130] => sante
    [131] => sauvegarde
    [132] => scanner
    [133] => sciences
    [134] => securite
    [135] => serveur
    [136] => serveurs_messagerie
    [137] => sfr
    [138] => souris
    [139] => sous-titrage
    [140] => stereoscopie
    [141] => streaming
    [142] => supervision
    [143] => synthese_vocale
    [144] => systeme
    [145] => telecharger_streaming
    [146] => telecommande
    [147] => television
    [148] => thesaurus
    [149] => traduction
    [150] => trafic
    [151] => tutoriel:comment_obtenir_une_reponse_satisfaisante
    [152] => tutoriel:utilisation_avancee_du_clavier
    [153] => ubuntu_64bits
    [154] => ubuntu_arm
    [155] => ubuntu_mips
    [156] => utilisateurs:alexandrep:migration
    [157] => utilisateurs:darkjam:audio
    [158] => utilisateurs:darkjam:son
    [159] => utilisateurs:julientroploin:brouillon_ocr
    [160] => utilisateurs:marc31
    [161] => utilisateurs:psychederic:art
    [162] => utilisateurs:psychederic:bi
    [163] => utilisateurs:psychederic:calcul_collaboratif
    [164] => utilisateurs:psychederic:marketing
    [165] => utilisateurs:psychederic:moteur_de_recherche
    [166] => utilisateurs:psychederic:production_energie
    [167] => utilisateurs:rmy:recuperer
    [168] => utilisateurs:yannubuntu
    [169] => variantes
    [170] => versions
    [171] => video
    [172] => videoprojecteur
    [173] => videosurveillance
    [174] => virtualisation
    [175] => visioconference
    [176] => visionneuse
    [177] => vjing
    [178] => voip
    [179] => webcam
    [180] => webmail
    [181] => wifi
    [182] => wiki
    [183] => wiki:modeles:portail
    [184] => wiki:tags
    [185] => windows
)

16:02:21 127.0.0.1: backlinks: all backlinks to: portail
Array
(
    [0] => accessibilite
    [1] => accueil
    [2] => agriculture
    [3] => animation
    [4] => anonymat
    [5] => antivirus
    [6] => application_domestique
    [7] => applications_chinois
    [8] => applications_par_defaut_sous_kubuntu
    [9] => applications_par_defaut_sous_ubuntu
    [10] => applications_par_defaut_sous_xubuntu
    [11] => architecture
    [12] => archivage
    [13] => arw
    [14] => astronomie
    [15] => asus_eee_pc
    [16] => audio
    [17] => baladeur
    [18] => blu-ray
    [19] => bourse
    [20] => bureau_a_distance
    [21] => bureautique
    [22] => calcul_collaboratif
    [23] => calcul_numerique
    [24] => cao
    [25] => capture
    [26] => capture_d_ecran
    [27] => cartographie
    [28] => categories
    [29] => clavier
    [30] => cloud
    [31] => cms
    [32] => collectivite
    [33] => communaute
    [34] => compilation
    [35] => comptabilite
    [36] => conception_electronique
    [37] => console
    [38] => courriel
    [39] => crm
    [40] => dactylographie
    [41] => debutant
    [42] => diagramme
    [43] => diaporama
    [44] => disques
    [45] => djvu
    [46] => documentation_hors_ligne
    [47] => doom
    [48] => droits
    [49] => dvd
    [50] => ebook
    [51] => ecommerce
    [52] => ecran
    [53] => editeur_de_texte
    [54] => education
    [55] => entreprise
    [56] => environnements
    [57] => epub
    [58] => erp
    [59] => espace
    [60] => fenetre_de_connexion
    [61] => flash
    [62] => fond_d_ecran
    [63] => ftp
    [64] => ged
    [65] => genealogie
    [66] => gestionnaire_de_fenetres
    [67] => gestionnaire_de_fichiers
    [68] => gestionnaire_de_paquets
    [69] => gestionnaire_de_telechargements
    [70] => gps
    [71] => graphisme
    [72] => guitare
    [73] => impression_sous_ubuntu
    [74] => imprimante
    [75] => index_alphabetique
    [76] => industrie
    [77] => installation
    [78] => installation_logiciel
    [79] => installation_paquet_hors_ligne
    [80] => intelligence_artificielle
    [81] => internet
    [82] => internet_et_reseaux
    [83] => jeu
    [84] => jorani
    [85] => lecteur_audio
    [86] => live_usb
    [87] => logiciels
    [88] => logiciels_d_apprentissage_de_langues
    [89] => logiciels_educatifs_pour_les_enfants
    [90] => logiciels_enseignement
    [91] => logiciels_pour_le_lycee
    [92] => mac
    [93] => mao
    [94] => materiel
    [95] => materiel_libre
    [96] => mathematiques
    [97] => mecanique
    [98] => messagerie_instantanee
    [99] => migration
    [100] => mingetty
    [101] => modelisation_3d
    [102] => montage_video
    [103] => multimedia
    [104] => navigateur
    [105] => nds
    [106] => netbook
    [107] => ocr
    [108] => optimisation
    [109] => p2p
    [110] => panorama
    [111] => partage
    [112] => partitions
    [113] => pdf
    [114] => personnalisation
    [115] => photo
    [116] => police
    [117] => portable
    [118] => presse-papier
    [119] => programmation
    [120] => projets:procedure_installation_ubuntu_entreprise
    [121] => radio
    [122] => realtek
    [123] => recherche_de_fichiers
    [124] => reconnaissance_vocale
    [125] => reflexe_ubunteros
    [126] => reseau
    [127] => reseau_social
    [128] => ressources_humaines
    [129] => robotique
    [130] => sante
    [131] => sauvegarde
    [132] => scanner
    [133] => sciences
    [134] => securite
    [135] => serveur
    [136] => serveurs_messagerie
    [137] => sfr
    [138] => souris
    [139] => sous-titrage
    [140] => stereoscopie
    [141] => streaming
    [142] => supervision
    [143] => synthese_vocale
    [144] => systeme
    [145] => telecharger_streaming
    [146] => telecommande
    [147] => television
    [148] => thesaurus
    [149] => traduction
    [150] => trafic
    [151] => tutoriel:comment_obtenir_une_reponse_satisfaisante
    [152] => tutoriel:utilisation_avancee_du_clavier
    [153] => ubuntu_64bits
    [154] => ubuntu_arm
    [155] => ubuntu_mips
    [156] => utilisateurs:alexandrep:migration
    [157] => utilisateurs:darkjam:audio
    [158] => utilisateurs:darkjam:son
    [159] => utilisateurs:julientroploin:brouillon_ocr
    [160] => utilisateurs:marc31
    [161] => utilisateurs:psychederic:art
    [162] => utilisateurs:psychederic:bi
    [163] => utilisateurs:psychederic:calcul_collaboratif
    [164] => utilisateurs:psychederic:marketing
    [165] => utilisateurs:psychederic:moteur_de_recherche
    [166] => utilisateurs:psychederic:production_energie
    [167] => utilisateurs:rmy:recuperer
    [168] => utilisateurs:yannubuntu
    [169] => variantes
    [170] => versions
    [171] => video
    [172] => videoprojecteur
    [173] => videosurveillance
    [174] => virtualisation
    [175] => visioconference
    [176] => visionneuse
    [177] => vjing
    [178] => voip
    [179] => webcam
    [180] => webmail
    [181] => wifi
    [182] => wiki
    [183] => wiki:modeles:portail
    [184] => wiki:tags
    [185] => windows
)

16:02:21 127.0.0.1: backlinks: all backlinks to be rendered
Array
(
    [0] => accessibilite
    [1] => accueil
    [2] => agriculture
    [3] => animation
    [4] => anonymat
    [5] => antivirus
    [6] => application_domestique
    [7] => applications_chinois
    [8] => applications_par_defaut_sous_kubuntu
    [9] => applications_par_defaut_sous_ubuntu
    [10] => applications_par_defaut_sous_xubuntu
    [11] => architecture
    [12] => archivage
    [13] => arw
    [14] => astronomie
    [15] => asus_eee_pc
    [16] => audio
    [17] => baladeur
    [18] => blu-ray
    [19] => bourse
    [20] => bureau_a_distance
    [21] => bureautique
    [22] => calcul_collaboratif
    [23] => calcul_numerique
    [24] => cao
    [25] => capture
    [26] => capture_d_ecran
    [27] => cartographie
    [28] => categories
    [29] => clavier
    [30] => cloud
    [31] => cms
    [32] => collectivite
    [33] => communaute
    [34] => compilation
    [35] => comptabilite
    [36] => conception_electronique
    [37] => console
    [38] => courriel
    [39] => crm
    [40] => dactylographie
    [41] => debutant
    [42] => diagramme
    [43] => diaporama
    [44] => disques
    [45] => djvu
    [46] => documentation_hors_ligne
    [47] => doom
    [48] => droits
    [49] => dvd
    [50] => ebook
    [51] => ecommerce
    [52] => ecran
    [53] => editeur_de_texte
    [54] => education
    [55] => entreprise
    [56] => environnements
    [57] => epub
    [58] => erp
    [59] => espace
    [60] => fenetre_de_connexion
    [61] => flash
    [62] => fond_d_ecran
    [63] => ftp
    [64] => ged
    [65] => genealogie
    [66] => gestionnaire_de_fenetres
    [67] => gestionnaire_de_fichiers
    [68] => gestionnaire_de_paquets
    [69] => gestionnaire_de_telechargements
    [70] => gps
    [71] => graphisme
    [72] => guitare
    [73] => impression_sous_ubuntu
    [74] => imprimante
    [75] => index_alphabetique
    [76] => industrie
    [77] => installation
    [78] => installation_logiciel
    [79] => installation_paquet_hors_ligne
    [80] => intelligence_artificielle
    [81] => internet
    [82] => internet_et_reseaux
    [83] => jeu
    [84] => jorani
    [85] => lecteur_audio
    [86] => live_usb
    [87] => logiciels
    [88] => logiciels_d_apprentissage_de_langues
    [89] => logiciels_educatifs_pour_les_enfants
    [90] => logiciels_enseignement
    [91] => logiciels_pour_le_lycee
    [92] => mac
    [93] => mao
    [94] => materiel
    [95] => materiel_libre
    [96] => mathematiques
    [97] => mecanique
    [98] => messagerie_instantanee
    [99] => migration
    [100] => mingetty
    [101] => modelisation_3d
    [102] => montage_video
    [103] => multimedia
    [104] => navigateur
    [105] => nds
    [106] => netbook
    [107] => ocr
    [108] => optimisation
    [109] => p2p
    [110] => panorama
    [111] => partage
    [112] => partitions
    [113] => pdf
    [114] => personnalisation
    [115] => photo
    [116] => police
    [117] => portable
    [118] => presse-papier
    [119] => programmation
    [120] => projets:procedure_installation_ubuntu_entreprise
    [121] => radio
    [122] => realtek
    [123] => recherche_de_fichiers
    [124] => reconnaissance_vocale
    [125] => reflexe_ubunteros
    [126] => reseau
    [127] => reseau_social
    [128] => ressources_humaines
    [129] => robotique
    [130] => sante
    [131] => sauvegarde
    [132] => scanner
    [133] => sciences
    [134] => securite
    [135] => serveur
    [136] => serveurs_messagerie
    [137] => sfr
    [138] => souris
    [139] => sous-titrage
    [140] => stereoscopie
    [141] => streaming
    [142] => supervision
    [143] => synthese_vocale
    [144] => systeme
    [145] => telecharger_streaming
    [146] => telecommande
    [147] => television
    [148] => thesaurus
    [149] => traduction
    [150] => trafic
    [151] => tutoriel:comment_obtenir_une_reponse_satisfaisante
    [152] => tutoriel:utilisation_avancee_du_clavier
    [153] => ubuntu_64bits
    [154] => ubuntu_arm
    [155] => ubuntu_mips
    [156] => utilisateurs:alexandrep:migration
    [157] => utilisateurs:darkjam:audio
    [158] => utilisateurs:darkjam:son
    [159] => utilisateurs:julientroploin:brouillon_ocr
    [160] => utilisateurs:marc31
    [161] => utilisateurs:psychederic:art
    [162] => utilisateurs:psychederic:bi
    [163] => utilisateurs:psychederic:calcul_collaboratif
    [164] => utilisateurs:psychederic:marketing
    [165] => utilisateurs:psychederic:moteur_de_recherche
    [166] => utilisateurs:psychederic:production_energie
    [167] => utilisateurs:rmy:recuperer
    [168] => utilisateurs:yannubuntu
    [169] => variantes
    [170] => versions
    [171] => video
    [172] => videoprojecteur
    [173] => videosurveillance
    [174] => virtualisation
    [175] => visioconference
    [176] => visionneuse
    [177] => vjing
    [178] => voip
    [179] => webcam
    [180] => webmail
    [181] => wifi
    [182] => wiki
    [183] => wiki:modeles:portail
    [184] => wiki:tags
    [185] => windows
)

